{"/home/travis/build/npmtest/node-npmtest-verror/test.js":{"path":"/home/travis/build/npmtest/node-npmtest-verror/test.js","s":{"1":2,"2":2,"3":2,"4":2,"5":2,"6":2,"7":2,"8":1,"9":2,"10":2,"11":1,"12":1,"13":1,"14":1,"15":2,"16":2,"17":2,"18":2,"19":1,"20":1,"21":2,"22":2,"23":2,"24":1,"25":1,"26":1,"27":1,"28":1,"29":1,"30":1,"31":1,"32":1,"33":1,"34":1,"35":1,"36":1,"37":2,"38":2,"39":1,"40":2,"41":2,"42":1,"43":2,"44":2,"45":1,"46":2,"47":2,"48":1,"49":1,"50":1,"51":1,"52":1},"b":{"1":[2,1,1,1],"2":[1,1,1,1],"3":[1,1],"4":[1,1],"5":[1,1],"6":[1,1],"7":[1,1],"8":[1,1],"9":[1,1,1],"10":[1,1],"11":[1,1],"12":[1,1],"13":[1,1],"14":[1,1],"15":[1,1],"16":[1,1]},"f":{"1":2,"2":2,"3":2,"4":2,"5":2,"6":1,"7":1,"8":2,"9":2,"10":2,"11":2,"12":1},"fnMap":{"1":{"name":"(anonymous_1)","line":12,"loc":{"start":{"line":12,"column":1},"end":{"line":12,"column":13}}},"2":{"name":"(anonymous_2)","line":19,"loc":{"start":{"line":19,"column":5},"end":{"line":19,"column":17}}},"3":{"name":"(anonymous_3)","line":23,"loc":{"start":{"line":23,"column":24},"end":{"line":23,"column":36}}},"4":{"name":"(anonymous_4)","line":61,"loc":{"start":{"line":61,"column":5},"end":{"line":61,"column":17}}},"5":{"name":"(anonymous_5)","line":82,"loc":{"start":{"line":82,"column":5},"end":{"line":82,"column":17}}},"6":{"name":"(anonymous_6)","line":102,"loc":{"start":{"line":102,"column":83},"end":{"line":105,"column":10}},"skip":true},"7":{"name":"(anonymous_7)","line":113,"loc":{"start":{"line":113,"column":77},"end":{"line":116,"column":10}},"skip":true},"8":{"name":"(anonymous_8)","line":129,"loc":{"start":{"line":129,"column":12},"end":{"line":129,"column":40}},"skip":true},"9":{"name":"(anonymous_9)","line":137,"loc":{"start":{"line":137,"column":77},"end":{"line":140,"column":10}},"skip":true},"10":{"name":"(anonymous_10)","line":148,"loc":{"start":{"line":148,"column":83},"end":{"line":151,"column":10}},"skip":true},"11":{"name":"(anonymous_11)","line":159,"loc":{"start":{"line":159,"column":79},"end":{"line":162,"column":10}},"skip":true},"12":{"name":"(anonymous_12)","line":170,"loc":{"start":{"line":170,"column":75},"end":{"line":173,"column":10}},"skip":true}},"statementMap":{"1":{"start":{"line":12,"column":0},"end":{"line":185,"column":5}},"2":{"start":{"line":14,"column":4},"end":{"line":14,"column":14}},"3":{"start":{"line":19,"column":4},"end":{"line":56,"column":9}},"4":{"start":{"line":21,"column":8},"end":{"line":21,"column":19}},"5":{"start":{"line":23,"column":8},"end":{"line":35,"column":13}},"6":{"start":{"line":24,"column":12},"end":{"line":34,"column":13}},"7":{"start":{"line":25,"column":16},"end":{"line":28,"column":30}},"8":{"start":{"line":30,"column":16},"end":{"line":33,"column":27}},"9":{"start":{"line":37,"column":8},"end":{"line":39,"column":21}},"10":{"start":{"line":40,"column":8},"end":{"line":53,"column":9}},"11":{"start":{"line":43,"column":12},"end":{"line":46,"column":14}},"12":{"start":{"line":47,"column":12},"end":{"line":47,"column":18}},"13":{"start":{"line":50,"column":12},"end":{"line":51,"column":46}},"14":{"start":{"line":52,"column":12},"end":{"line":52,"column":18}},"15":{"start":{"line":55,"column":8},"end":{"line":55,"column":35}},"16":{"start":{"line":61,"column":4},"end":{"line":63,"column":9}},"17":{"start":{"line":62,"column":8},"end":{"line":62,"column":15}},"18":{"start":{"line":64,"column":4},"end":{"line":77,"column":5}},"19":{"start":{"line":70,"column":8},"end":{"line":70,"column":14}},"20":{"start":{"line":76,"column":8},"end":{"line":76,"column":14}},"21":{"start":{"line":82,"column":4},"end":{"line":84,"column":9}},"22":{"start":{"line":83,"column":8},"end":{"line":83,"column":15}},"23":{"start":{"line":85,"column":4},"end":{"line":184,"column":5}},"24":{"start":{"line":92,"column":8},"end":{"line":94,"column":63}},"25":{"start":{"line":95,"column":8},"end":{"line":95,"column":14}},"26":{"start":{"line":102,"column":8},"end":{"line":111,"column":10},"skip":true},"27":{"start":{"line":109,"column":12},"end":{"line":109,"column":55},"skip":true},"28":{"start":{"line":110,"column":12},"end":{"line":110,"column":48},"skip":true},"29":{"start":{"line":113,"column":8},"end":{"line":126,"column":10},"skip":true},"30":{"start":{"line":120,"column":12},"end":{"line":120,"column":76},"skip":true},"31":{"start":{"line":121,"column":12},"end":{"line":121,"column":73},"skip":true},"32":{"start":{"line":122,"column":12},"end":{"line":122,"column":74},"skip":true},"33":{"start":{"line":123,"column":12},"end":{"line":123,"column":79},"skip":true},"34":{"start":{"line":124,"column":12},"end":{"line":124,"column":25},"skip":true},"35":{"start":{"line":125,"column":12},"end":{"line":125,"column":45},"skip":true},"36":{"start":{"line":128,"column":8},"end":{"line":135,"column":14},"skip":true},"37":{"start":{"line":133,"column":16},"end":{"line":133,"column":29},"skip":true},"38":{"start":{"line":134,"column":16},"end":{"line":134,"column":55},"skip":true},"39":{"start":{"line":137,"column":8},"end":{"line":146,"column":10},"skip":true},"40":{"start":{"line":144,"column":12},"end":{"line":144,"column":25},"skip":true},"41":{"start":{"line":145,"column":12},"end":{"line":145,"column":45},"skip":true},"42":{"start":{"line":148,"column":8},"end":{"line":157,"column":10},"skip":true},"43":{"start":{"line":155,"column":12},"end":{"line":155,"column":25},"skip":true},"44":{"start":{"line":156,"column":12},"end":{"line":156,"column":48},"skip":true},"45":{"start":{"line":159,"column":8},"end":{"line":168,"column":10},"skip":true},"46":{"start":{"line":166,"column":12},"end":{"line":166,"column":25},"skip":true},"47":{"start":{"line":167,"column":12},"end":{"line":167,"column":46},"skip":true},"48":{"start":{"line":170,"column":8},"end":{"line":179,"column":10},"skip":true},"49":{"start":{"line":177,"column":12},"end":{"line":177,"column":94},"skip":true},"50":{"start":{"line":178,"column":12},"end":{"line":178,"column":48},"skip":true},"51":{"start":{"line":182,"column":8},"end":{"line":182,"column":35},"skip":true},"52":{"start":{"line":183,"column":8},"end":{"line":183,"column":14},"skip":true}},"branchMap":{"1":{"line":25,"type":"binary-expr","locations":[{"start":{"line":25,"column":23},"end":{"line":25,"column":62}},{"start":{"line":26,"column":20},"end":{"line":26,"column":70}},{"start":{"line":27,"column":20},"end":{"line":27,"column":71}},{"start":{"line":28,"column":20},"end":{"line":28,"column":29}}]},"2":{"line":30,"type":"binary-expr","locations":[{"start":{"line":30,"column":23},"end":{"line":30,"column":37}},{"start":{"line":31,"column":20},"end":{"line":31,"column":61}},{"start":{"line":32,"column":20},"end":{"line":32,"column":70}},{"start":{"line":33,"column":20},"end":{"line":33,"column":26}}]},"3":{"line":37,"type":"cond-expr","locations":[{"start":{"line":38,"column":14},"end":{"line":38,"column":20}},{"start":{"line":39,"column":14},"end":{"line":39,"column":20}}]},"4":{"line":40,"type":"switch","locations":[{"start":{"line":42,"column":8},"end":{"line":47,"column":18}},{"start":{"line":49,"column":8},"end":{"line":52,"column":18}}]},"5":{"line":44,"type":"binary-expr","locations":[{"start":{"line":44,"column":16},"end":{"line":44,"column":44}},{"start":{"line":44,"column":48},"end":{"line":44,"column":66}}]},"6":{"line":50,"type":"binary-expr","locations":[{"start":{"line":50,"column":21},"end":{"line":50,"column":49}},{"start":{"line":50,"column":53},"end":{"line":50,"column":72}}]},"7":{"line":64,"type":"switch","locations":[{"start":{"line":69,"column":4},"end":{"line":70,"column":14}},{"start":{"line":75,"column":4},"end":{"line":76,"column":14}}]},"8":{"line":85,"type":"switch","locations":[{"start":{"line":90,"column":4},"end":{"line":95,"column":14}},{"start":{"line":101,"column":4},"end":{"line":183,"column":14},"skip":true}]},"9":{"line":92,"type":"binary-expr","locations":[{"start":{"line":92,"column":18},"end":{"line":92,"column":32}},{"start":{"line":93,"column":12},"end":{"line":93,"column":53}},{"start":{"line":94,"column":12},"end":{"line":94,"column":61}}]},"10":{"line":102,"type":"binary-expr","locations":[{"start":{"line":102,"column":45},"end":{"line":102,"column":79},"skip":true},{"start":{"line":102,"column":83},"end":{"line":111,"column":9},"skip":true}]},"11":{"line":113,"type":"binary-expr","locations":[{"start":{"line":113,"column":42},"end":{"line":113,"column":73},"skip":true},{"start":{"line":113,"column":77},"end":{"line":126,"column":9},"skip":true}]},"12":{"line":128,"type":"binary-expr","locations":[{"start":{"line":128,"column":48},"end":{"line":128,"column":85},"skip":true},{"start":{"line":129,"column":12},"end":{"line":135,"column":13},"skip":true}]},"13":{"line":137,"type":"binary-expr","locations":[{"start":{"line":137,"column":42},"end":{"line":137,"column":73},"skip":true},{"start":{"line":137,"column":77},"end":{"line":146,"column":9},"skip":true}]},"14":{"line":148,"type":"binary-expr","locations":[{"start":{"line":148,"column":45},"end":{"line":148,"column":79},"skip":true},{"start":{"line":148,"column":83},"end":{"line":157,"column":9},"skip":true}]},"15":{"line":159,"type":"binary-expr","locations":[{"start":{"line":159,"column":43},"end":{"line":159,"column":75},"skip":true},{"start":{"line":159,"column":79},"end":{"line":168,"column":9},"skip":true}]},"16":{"line":170,"type":"binary-expr","locations":[{"start":{"line":170,"column":41},"end":{"line":170,"column":71},"skip":true},{"start":{"line":170,"column":75},"end":{"line":179,"column":9},"skip":true}]}},"code":["/* istanbul instrument in package npmtest_verror */","/*jslint","    bitwise: true,","    browser: true,","    maxerr: 8,","    maxlen: 96,","    node: true,","    nomen: true,","    regexp: true,","    stupid: true","*/","(function () {","    'use strict';","    var local;","","","","    // run shared js-env code - pre-init","    (function () {","        // init local","        local = {};","        // init modeJs","        local.modeJs = (function () {","            try {","                return typeof navigator.userAgent === 'string' &&","                    typeof document.querySelector('body') === 'object' &&","                    typeof XMLHttpRequest.prototype.open === 'function' &&","                    'browser';","            } catch (errorCaughtBrowser) {","                return module.exports &&","                    typeof process.versions.node === 'string' &&","                    typeof require('http').createServer === 'function' &&","                    'node';","            }","        }());","        // init global","        local.global = local.modeJs === 'browser'","            ? window","            : global;","        switch (local.modeJs) {","        // re-init local from window.local","        case 'browser':","            local = local.global.utility2.objectSetDefault(","                local.global.utility2_rollup || local.global.local,","                local.global.utility2","            );","            break;","        // re-init local from example.js","        case 'node':","            local = (local.global.utility2_rollup || require('utility2'))","                .requireExampleJsFromReadme();","            break;","        }","        // export local","        local.global.local = local;","    }());","","","","    // run shared js-env code - function","    (function () {","        return;","    }());","    switch (local.modeJs) {","","","","    // run browser js-env code - function","    case 'browser':","        break;","","","","    // run node js-env code - function","    case 'node':","        break;","    }","","","","    // run shared js-env code - post-init","    (function () {","        return;","    }());","    switch (local.modeJs) {","","","","    // run browser js-env code - post-init","    case 'browser':","        // run tests","        local.nop(local.modeTest &&","            document.querySelector('#testRunButton1') &&","            document.querySelector('#testRunButton1').click());","        break;","","","","    // run node js-env code - post-init","    /* istanbul ignore next */","    case 'node':","        local.testCase_buildApidoc_default = local.testCase_buildApidoc_default || function (","            options,","            onError","        ) {","        /*","         * this function will test buildApidoc's default handling-behavior-behavior","         */","            options = { modulePathList: module.paths };","            local.buildApidoc(options, onError);","        };","","        local.testCase_buildApp_default = local.testCase_buildApp_default || function (","            options,","            onError","        ) {","        /*","         * this function will test buildApp's default handling-behavior-behavior","         */","            local.testCase_buildReadme_default(options, local.onErrorThrow);","            local.testCase_buildLib_default(options, local.onErrorThrow);","            local.testCase_buildTest_default(options, local.onErrorThrow);","            local.testCase_buildCustomOrg_default(options, local.onErrorThrow);","            options = [];","            local.buildApp(options, onError);","        };","","        local.testCase_buildCustomOrg_default = local.testCase_buildCustomOrg_default ||","            function (options, onError) {","            /*","             * this function will test buildCustomOrg's default handling-behavior","             */","                options = {};","                local.buildCustomOrg(options, onError);","            };","","        local.testCase_buildLib_default = local.testCase_buildLib_default || function (","            options,","            onError","        ) {","        /*","         * this function will test buildLib's default handling-behavior","         */","            options = {};","            local.buildLib(options, onError);","        };","","        local.testCase_buildReadme_default = local.testCase_buildReadme_default || function (","            options,","            onError","        ) {","        /*","         * this function will test buildReadme's default handling-behavior-behavior","         */","            options = {};","            local.buildReadme(options, onError);","        };","","        local.testCase_buildTest_default = local.testCase_buildTest_default || function (","            options,","            onError","        ) {","        /*","         * this function will test buildTest's default handling-behavior","         */","            options = {};","            local.buildTest(options, onError);","        };","","        local.testCase_webpage_default = local.testCase_webpage_default || function (","            options,","            onError","        ) {","        /*","         * this function will test webpage's default handling-behavior","         */","            options = { modeCoverageMerge: true, url: local.serverLocalHost + '?modeTest=1' };","            local.browserTest(options, onError);","        };","","        // run test-server","        local.testRunServer(local);","        break;","    }","}());",""],"l":{"12":2,"14":2,"19":2,"21":2,"23":2,"24":2,"25":2,"30":1,"37":2,"40":2,"43":1,"47":1,"50":1,"52":1,"55":2,"61":2,"62":2,"64":2,"70":1,"76":1,"82":2,"83":2,"85":2,"92":1,"95":1,"102":1,"109":1,"110":1,"113":1,"120":1,"121":1,"122":1,"123":1,"124":1,"125":1,"128":1,"133":2,"134":2,"137":1,"144":2,"145":2,"148":1,"155":2,"156":2,"159":1,"166":2,"167":2,"170":1,"177":1,"178":1,"182":1,"183":1}},"/home/travis/build/npmtest/node-npmtest-verror/lib.npmtest_verror.js":{"path":"/home/travis/build/npmtest/node-npmtest-verror/lib.npmtest_verror.js","s":{"1":2,"2":2,"3":2,"4":2,"5":2,"6":2,"7":2,"8":1,"9":2,"10":2,"11":2,"12":2,"13":1,"14":1,"15":1,"16":1},"b":{"1":[2,1,1,1],"2":[1,1,1,1],"3":[1,1],"4":[2,2],"5":[1,1]},"f":{"1":2,"2":2,"3":2},"fnMap":{"1":{"name":"(anonymous_1)","line":12,"loc":{"start":{"line":12,"column":1},"end":{"line":12,"column":13}}},"2":{"name":"(anonymous_2)","line":19,"loc":{"start":{"line":19,"column":5},"end":{"line":19,"column":17}}},"3":{"name":"(anonymous_3)","line":23,"loc":{"start":{"line":23,"column":24},"end":{"line":23,"column":36}}}},"statementMap":{"1":{"start":{"line":12,"column":0},"end":{"line":53,"column":5}},"2":{"start":{"line":14,"column":4},"end":{"line":14,"column":14}},"3":{"start":{"line":19,"column":4},"end":{"line":52,"column":9}},"4":{"start":{"line":21,"column":8},"end":{"line":21,"column":19}},"5":{"start":{"line":23,"column":8},"end":{"line":35,"column":13}},"6":{"start":{"line":24,"column":12},"end":{"line":34,"column":13}},"7":{"start":{"line":25,"column":16},"end":{"line":28,"column":30}},"8":{"start":{"line":30,"column":16},"end":{"line":33,"column":27}},"9":{"start":{"line":37,"column":8},"end":{"line":39,"column":21}},"10":{"start":{"line":41,"column":8},"end":{"line":41,"column":54}},"11":{"start":{"line":43,"column":8},"end":{"line":43,"column":51}},"12":{"start":{"line":45,"column":8},"end":{"line":51,"column":9}},"13":{"start":{"line":46,"column":12},"end":{"line":46,"column":57}},"14":{"start":{"line":48,"column":12},"end":{"line":48,"column":35}},"15":{"start":{"line":49,"column":12},"end":{"line":49,"column":49}},"16":{"start":{"line":50,"column":12},"end":{"line":50,"column":43}}},"branchMap":{"1":{"line":25,"type":"binary-expr","locations":[{"start":{"line":25,"column":23},"end":{"line":25,"column":62}},{"start":{"line":26,"column":20},"end":{"line":26,"column":70}},{"start":{"line":27,"column":20},"end":{"line":27,"column":71}},{"start":{"line":28,"column":20},"end":{"line":28,"column":29}}]},"2":{"line":30,"type":"binary-expr","locations":[{"start":{"line":30,"column":23},"end":{"line":30,"column":37}},{"start":{"line":31,"column":20},"end":{"line":31,"column":61}},{"start":{"line":32,"column":20},"end":{"line":32,"column":70}},{"start":{"line":33,"column":20},"end":{"line":33,"column":26}}]},"3":{"line":37,"type":"cond-expr","locations":[{"start":{"line":38,"column":14},"end":{"line":38,"column":20}},{"start":{"line":39,"column":14},"end":{"line":39,"column":20}}]},"4":{"line":41,"type":"binary-expr","locations":[{"start":{"line":41,"column":16},"end":{"line":41,"column":44}},{"start":{"line":41,"column":48},"end":{"line":41,"column":53}}]},"5":{"line":45,"type":"if","locations":[{"start":{"line":45,"column":8},"end":{"line":45,"column":8}},{"start":{"line":45,"column":8},"end":{"line":45,"column":8}}]}},"code":["/* istanbul instrument in package npmtest_verror */","/*jslint","    bitwise: true,","    browser: true,","    maxerr: 8,","    maxlen: 96,","    node: true,","    nomen: true,","    regexp: true,","    stupid: true","*/","(function () {","    'use strict';","    var local;","","","","    // run shared js-env code - pre-init","    (function () {","        // init local","        local = {};","        // init modeJs","        local.modeJs = (function () {","            try {","                return typeof navigator.userAgent === 'string' &&","                    typeof document.querySelector('body') === 'object' &&","                    typeof XMLHttpRequest.prototype.open === 'function' &&","                    'browser';","            } catch (errorCaughtBrowser) {","                return module.exports &&","                    typeof process.versions.node === 'string' &&","                    typeof require('http').createServer === 'function' &&","                    'node';","            }","        }());","        // init global","        local.global = local.modeJs === 'browser'","            ? window","            : global;","        // init utility2_rollup","        local = local.global.utility2_rollup || local;","        // init lib","        local.local = local.npmtest_verror = local;","        // init exports","        if (local.modeJs === 'browser') {","            local.global.utility2_npmtest_verror = local;","        } else {","            module.exports = local;","            module.exports.__dirname = __dirname;","            module.exports.module = module;","        }","    }());","}());",""],"l":{"12":2,"14":2,"19":2,"21":2,"23":2,"24":2,"25":2,"30":1,"37":2,"41":2,"43":2,"45":2,"46":1,"48":1,"49":1,"50":1}},"/home/travis/build/npmtest/node-npmtest-verror/example.js":{"path":"/home/travis/build/npmtest/node-npmtest-verror/example.js","s":{"1":2,"2":2,"3":2,"4":2,"5":2,"6":2,"7":2,"8":1,"9":2,"10":2,"11":2,"12":2,"13":1,"14":2,"15":2,"16":2,"17":2,"18":2,"19":0,"20":2,"21":1,"22":1,"23":1,"24":1,"25":1,"26":0,"27":0,"28":1,"29":1,"30":2,"31":0,"32":0,"33":0,"34":1,"35":2,"36":2,"37":2,"38":2,"39":2,"40":2,"41":0,"42":2,"43":2,"44":2,"45":1,"46":3,"47":1,"48":1,"49":1,"50":1,"51":1,"52":1,"53":1,"54":1,"55":1,"56":1,"57":0,"58":1,"59":6,"60":6,"61":1,"62":2,"63":0,"64":2,"65":1,"66":1,"67":0,"68":0,"69":0,"70":0,"71":0,"72":0,"73":0,"74":0,"75":0,"76":0,"77":0,"78":0,"79":0,"80":0,"81":0,"82":0,"83":0},"b":{"1":[2,1,1,1],"2":[1,1,1,1],"3":[1,1],"4":[2,2],"5":[1,1],"6":[1,1],"7":[2,0],"8":[2,1,1,1,1,1],"9":[0,2,0],"10":[1,1],"11":[2,1,1],"12":[1,0],"13":[0,2],"14":[2,0,0,0,0,0,0],"15":[0,2],"16":[2,0],"17":[1,1],"18":[0,1],"19":[1,2,0,2],"20":[1,0],"21":[1,1],"22":[0,0],"23":[0,0],"24":[0,0],"25":[0,0],"26":[0,0],"27":[0,0],"28":[0,0]},"f":{"1":2,"2":2,"3":2,"4":2,"5":2,"6":2,"7":2,"8":2,"9":3,"10":1,"11":6,"12":0},"fnMap":{"1":{"name":"(anonymous_1)","line":26,"loc":{"start":{"line":26,"column":1},"end":{"line":26,"column":13}}},"2":{"name":"(anonymous_2)","line":33,"loc":{"start":{"line":33,"column":5},"end":{"line":33,"column":17}}},"3":{"name":"(anonymous_3)","line":37,"loc":{"start":{"line":37,"column":24},"end":{"line":37,"column":36}}},"4":{"name":"(anonymous_4)","line":69,"loc":{"start":{"line":69,"column":31},"end":{"line":69,"column":48}},"skip":true},"5":{"name":"(anonymous_5)","line":78,"loc":{"start":{"line":78,"column":26},"end":{"line":78,"column":45}},"skip":true},"6":{"name":"(anonymous_6)","line":123,"loc":{"start":{"line":123,"column":33},"end":{"line":123,"column":48}},"skip":true},"7":{"name":"(anonymous_7)","line":125,"loc":{"start":{"line":125,"column":27},"end":{"line":125,"column":39}},"skip":true},"8":{"name":"(anonymous_8)","line":133,"loc":{"start":{"line":133,"column":59},"end":{"line":133,"column":74}},"skip":true},"9":{"name":"(anonymous_9)","line":143,"loc":{"start":{"line":143,"column":45},"end":{"line":143,"column":62}},"skip":true},"10":{"name":"(anonymous_10)","line":144,"loc":{"start":{"line":144,"column":73},"end":{"line":144,"column":92}},"skip":true},"11":{"name":"(anonymous_11)","line":272,"loc":{"start":{"line":272,"column":51},"end":{"line":272,"column":77}},"skip":true},"12":{"name":"(anonymous_12)","line":314,"loc":{"start":{"line":314,"column":32},"end":{"line":314,"column":61}},"skip":true}},"statementMap":{"1":{"start":{"line":26,"column":0},"end":{"line":325,"column":5}},"2":{"start":{"line":28,"column":4},"end":{"line":28,"column":14}},"3":{"start":{"line":33,"column":4},"end":{"line":60,"column":9}},"4":{"start":{"line":35,"column":8},"end":{"line":35,"column":19}},"5":{"start":{"line":37,"column":8},"end":{"line":49,"column":13}},"6":{"start":{"line":38,"column":12},"end":{"line":48,"column":13}},"7":{"start":{"line":39,"column":16},"end":{"line":42,"column":30}},"8":{"start":{"line":44,"column":16},"end":{"line":47,"column":27}},"9":{"start":{"line":51,"column":8},"end":{"line":53,"column":21}},"10":{"start":{"line":55,"column":8},"end":{"line":57,"column":45}},"11":{"start":{"line":59,"column":8},"end":{"line":59,"column":35}},"12":{"start":{"line":61,"column":4},"end":{"line":324,"column":5}},"13":{"start":{"line":69,"column":8},"end":{"line":121,"column":10},"skip":true},"14":{"start":{"line":70,"column":12},"end":{"line":88,"column":13},"skip":true},"15":{"start":{"line":76,"column":16},"end":{"line":87,"column":19},"skip":true},"16":{"start":{"line":79,"column":20},"end":{"line":86,"column":21},"skip":true},"17":{"start":{"line":82,"column":24},"end":{"line":82,"column":43},"skip":true},"18":{"start":{"line":83,"column":24},"end":{"line":83,"column":30},"skip":true},"19":{"start":{"line":85,"column":24},"end":{"line":85,"column":49},"skip":true},"20":{"start":{"line":89,"column":12},"end":{"line":107,"column":13},"skip":true},"21":{"start":{"line":92,"column":16},"end":{"line":102,"column":17},"skip":true},"22":{"start":{"line":93,"column":20},"end":{"line":93,"column":86},"skip":true},"23":{"start":{"line":94,"column":20},"end":{"line":95,"column":45},"skip":true},"24":{"start":{"line":96,"column":20},"end":{"line":96,"column":42},"skip":true},"25":{"start":{"line":97,"column":20},"end":{"line":97,"column":48},"skip":true},"26":{"start":{"line":100,"column":20},"end":{"line":100,"column":85},"skip":true},"27":{"start":{"line":101,"column":20},"end":{"line":101,"column":96},"skip":true},"28":{"start":{"line":103,"column":16},"end":{"line":103,"column":22},"skip":true},"29":{"start":{"line":106,"column":16},"end":{"line":106,"column":22},"skip":true},"30":{"start":{"line":108,"column":12},"end":{"line":120,"column":13},"skip":true},"31":{"start":{"line":114,"column":16},"end":{"line":119,"column":17},"skip":true},"32":{"start":{"line":116,"column":20},"end":{"line":116,"column":78},"skip":true},"33":{"start":{"line":118,"column":20},"end":{"line":118,"column":53},"skip":true},"34":{"start":{"line":123,"column":8},"end":{"line":141,"column":11},"skip":true},"35":{"start":{"line":124,"column":12},"end":{"line":124,"column":54},"skip":true},"36":{"start":{"line":125,"column":12},"end":{"line":140,"column":14},"skip":true},"37":{"start":{"line":126,"column":16},"end":{"line":126,"column":28},"skip":true},"38":{"start":{"line":127,"column":16},"end":{"line":127,"column":69},"skip":true},"39":{"start":{"line":128,"column":16},"end":{"line":128,"column":75},"skip":true},"40":{"start":{"line":129,"column":16},"end":{"line":131,"column":17},"skip":true},"41":{"start":{"line":130,"column":20},"end":{"line":130,"column":27},"skip":true},"42":{"start":{"line":133,"column":16},"end":{"line":137,"column":36},"skip":true},"43":{"start":{"line":134,"column":20},"end":{"line":136,"column":55},"skip":true},"44":{"start":{"line":139,"column":16},"end":{"line":139,"column":57},"skip":true},"45":{"start":{"line":143,"column":8},"end":{"line":147,"column":11},"skip":true},"46":{"start":{"line":144,"column":12},"end":{"line":146,"column":15},"skip":true},"47":{"start":{"line":145,"column":16},"end":{"line":145,"column":70},"skip":true},"48":{"start":{"line":149,"column":8},"end":{"line":149,"column":31},"skip":true},"49":{"start":{"line":150,"column":8},"end":{"line":150,"column":14},"skip":true},"50":{"start":{"line":158,"column":8},"end":{"line":158,"column":31},"skip":true},"51":{"start":{"line":160,"column":8},"end":{"line":160,"column":33},"skip":true},"52":{"start":{"line":161,"column":8},"end":{"line":161,"column":37},"skip":true},"53":{"start":{"line":162,"column":8},"end":{"line":162,"column":35},"skip":true},"54":{"start":{"line":164,"column":8},"end":{"line":164,"column":50},"skip":true},"55":{"start":{"line":166,"column":8},"end":{"line":256,"column":2},"skip":true},"56":{"start":{"line":258,"column":8},"end":{"line":286,"column":9},"skip":true},"57":{"start":{"line":259,"column":12},"end":{"line":269,"column":14},"skip":true},"58":{"start":{"line":271,"column":12},"end":{"line":285,"column":19},"skip":true},"59":{"start":{"line":274,"column":20},"end":{"line":274,"column":35},"skip":true},"60":{"start":{"line":275,"column":20},"end":{"line":284,"column":21},"skip":true},"61":{"start":{"line":277,"column":24},"end":{"line":277,"column":64},"skip":true},"62":{"start":{"line":279,"column":24},"end":{"line":279,"column":40},"skip":true},"63":{"start":{"line":281,"column":24},"end":{"line":281,"column":40},"skip":true},"64":{"start":{"line":283,"column":24},"end":{"line":283,"column":39},"skip":true},"65":{"start":{"line":288,"column":8},"end":{"line":290,"column":9},"skip":true},"66":{"start":{"line":289,"column":12},"end":{"line":289,"column":18},"skip":true},"67":{"start":{"line":291,"column":8},"end":{"line":293,"column":54},"skip":true},"68":{"start":{"line":294,"column":8},"end":{"line":301,"column":37},"skip":true},"69":{"start":{"line":302,"column":8},"end":{"line":302,"column":82},"skip":true},"70":{"start":{"line":305,"column":8},"end":{"line":307,"column":9},"skip":true},"71":{"start":{"line":306,"column":12},"end":{"line":306,"column":82},"skip":true},"72":{"start":{"line":309,"column":8},"end":{"line":311,"column":9},"skip":true},"73":{"start":{"line":310,"column":12},"end":{"line":310,"column":18},"skip":true},"74":{"start":{"line":312,"column":8},"end":{"line":312,"column":54},"skip":true},"75":{"start":{"line":313,"column":8},"end":{"line":313,"column":69},"skip":true},"76":{"start":{"line":314,"column":8},"end":{"line":322,"column":36},"skip":true},"77":{"start":{"line":315,"column":12},"end":{"line":315,"column":61},"skip":true},"78":{"start":{"line":316,"column":12},"end":{"line":319,"column":13},"skip":true},"79":{"start":{"line":317,"column":16},"end":{"line":317,"column":75},"skip":true},"80":{"start":{"line":318,"column":16},"end":{"line":318,"column":23},"skip":true},"81":{"start":{"line":320,"column":12},"end":{"line":320,"column":38},"skip":true},"82":{"start":{"line":321,"column":12},"end":{"line":321,"column":27},"skip":true},"83":{"start":{"line":323,"column":8},"end":{"line":323,"column":14},"skip":true}},"branchMap":{"1":{"line":39,"type":"binary-expr","locations":[{"start":{"line":39,"column":23},"end":{"line":39,"column":62}},{"start":{"line":40,"column":20},"end":{"line":40,"column":70}},{"start":{"line":41,"column":20},"end":{"line":41,"column":71}},{"start":{"line":42,"column":20},"end":{"line":42,"column":29}}]},"2":{"line":44,"type":"binary-expr","locations":[{"start":{"line":44,"column":23},"end":{"line":44,"column":37}},{"start":{"line":45,"column":20},"end":{"line":45,"column":61}},{"start":{"line":46,"column":20},"end":{"line":46,"column":70}},{"start":{"line":47,"column":20},"end":{"line":47,"column":26}}]},"3":{"line":51,"type":"cond-expr","locations":[{"start":{"line":52,"column":14},"end":{"line":52,"column":20}},{"start":{"line":53,"column":14},"end":{"line":53,"column":20}}]},"4":{"line":55,"type":"binary-expr","locations":[{"start":{"line":55,"column":16},"end":{"line":55,"column":44}},{"start":{"line":55,"column":49},"end":{"line":57,"column":43}}]},"5":{"line":55,"type":"cond-expr","locations":[{"start":{"line":56,"column":14},"end":{"line":56,"column":50}},{"start":{"line":57,"column":14},"end":{"line":57,"column":43}}]},"6":{"line":61,"type":"switch","locations":[{"start":{"line":68,"column":4},"end":{"line":150,"column":14},"skip":true},{"start":{"line":156,"column":4},"end":{"line":323,"column":14},"skip":true}]},"7":{"line":70,"type":"if","locations":[{"start":{"line":70,"column":12},"end":{"line":70,"column":12},"skip":true},{"start":{"line":70,"column":12},"end":{"line":70,"column":12},"skip":true}]},"8":{"line":70,"type":"binary-expr","locations":[{"start":{"line":70,"column":16},"end":{"line":70,"column":22},"skip":true},{"start":{"line":70,"column":27},"end":{"line":70,"column":32},"skip":true},{"start":{"line":71,"column":20},"end":{"line":71,"column":39},"skip":true},{"start":{"line":72,"column":20},"end":{"line":72,"column":49},"skip":true},{"start":{"line":73,"column":20},"end":{"line":73,"column":58},"skip":true},{"start":{"line":74,"column":20},"end":{"line":74,"column":69},"skip":true}]},"9":{"line":79,"type":"switch","locations":[{"start":{"line":80,"column":20},"end":{"line":80,"column":33},"skip":true},{"start":{"line":81,"column":20},"end":{"line":83,"column":30},"skip":true},{"start":{"line":84,"column":20},"end":{"line":85,"column":49},"skip":true}]},"10":{"line":89,"type":"switch","locations":[{"start":{"line":90,"column":12},"end":{"line":103,"column":22},"skip":true},{"start":{"line":105,"column":12},"end":{"line":106,"column":22},"skip":true}]},"11":{"line":89,"type":"binary-expr","locations":[{"start":{"line":89,"column":20},"end":{"line":89,"column":25},"skip":true},{"start":{"line":89,"column":29},"end":{"line":89,"column":48},"skip":true},{"start":{"line":89,"column":52},"end":{"line":89,"column":74},"skip":true}]},"12":{"line":92,"type":"if","locations":[{"start":{"line":92,"column":16},"end":{"line":92,"column":16},"skip":true},{"start":{"line":92,"column":16},"end":{"line":92,"column":16},"skip":true}]},"13":{"line":108,"type":"if","locations":[{"start":{"line":108,"column":12},"end":{"line":108,"column":12},"skip":true},{"start":{"line":108,"column":12},"end":{"line":108,"column":12},"skip":true}]},"14":{"line":108,"type":"binary-expr","locations":[{"start":{"line":108,"column":16},"end":{"line":108,"column":61},"skip":true},{"start":{"line":108,"column":66},"end":{"line":108,"column":72},"skip":true},{"start":{"line":108,"column":77},"end":{"line":108,"column":82},"skip":true},{"start":{"line":109,"column":20},"end":{"line":109,"column":39},"skip":true},{"start":{"line":110,"column":20},"end":{"line":110,"column":49},"skip":true},{"start":{"line":111,"column":20},"end":{"line":111,"column":58},"skip":true},{"start":{"line":112,"column":20},"end":{"line":112,"column":68},"skip":true}]},"15":{"line":129,"type":"if","locations":[{"start":{"line":129,"column":16},"end":{"line":129,"column":16},"skip":true},{"start":{"line":129,"column":16},"end":{"line":129,"column":16},"skip":true}]},"16":{"line":134,"type":"cond-expr","locations":[{"start":{"line":135,"column":26},"end":{"line":135,"column":29},"skip":true},{"start":{"line":136,"column":26},"end":{"line":136,"column":54},"skip":true}]},"17":{"line":164,"type":"binary-expr","locations":[{"start":{"line":164,"column":27},"end":{"line":164,"column":43},"skip":true},{"start":{"line":164,"column":47},"end":{"line":164,"column":49},"skip":true}]},"18":{"line":258,"type":"if","locations":[{"start":{"line":258,"column":8},"end":{"line":258,"column":8},"skip":true},{"start":{"line":258,"column":8},"end":{"line":258,"column":8},"skip":true}]},"19":{"line":275,"type":"switch","locations":[{"start":{"line":276,"column":20},"end":{"line":277,"column":64},"skip":true},{"start":{"line":278,"column":20},"end":{"line":279,"column":40},"skip":true},{"start":{"line":280,"column":20},"end":{"line":281,"column":40},"skip":true},{"start":{"line":282,"column":20},"end":{"line":283,"column":39},"skip":true}]},"20":{"line":288,"type":"if","locations":[{"start":{"line":288,"column":8},"end":{"line":288,"column":8},"skip":true},{"start":{"line":288,"column":8},"end":{"line":288,"column":8},"skip":true}]},"21":{"line":288,"type":"binary-expr","locations":[{"start":{"line":288,"column":12},"end":{"line":288,"column":40},"skip":true},{"start":{"line":288,"column":44},"end":{"line":288,"column":67},"skip":true}]},"22":{"line":292,"type":"binary-expr","locations":[{"start":{"line":292,"column":12},"end":{"line":292,"column":50},"skip":true},{"start":{"line":293,"column":12},"end":{"line":293,"column":53},"skip":true}]},"23":{"line":295,"type":"binary-expr","locations":[{"start":{"line":295,"column":12},"end":{"line":295,"column":64},"skip":true},{"start":{"line":296,"column":12},"end":{"line":301,"column":36},"skip":true}]},"24":{"line":302,"type":"binary-expr","locations":[{"start":{"line":302,"column":43},"end":{"line":302,"column":75},"skip":true},{"start":{"line":302,"column":79},"end":{"line":302,"column":81},"skip":true}]},"25":{"line":305,"type":"if","locations":[{"start":{"line":305,"column":8},"end":{"line":305,"column":8},"skip":true},{"start":{"line":305,"column":8},"end":{"line":305,"column":8},"skip":true}]},"26":{"line":309,"type":"if","locations":[{"start":{"line":309,"column":8},"end":{"line":309,"column":8},"skip":true},{"start":{"line":309,"column":8},"end":{"line":309,"column":8},"skip":true}]},"27":{"line":312,"type":"binary-expr","locations":[{"start":{"line":312,"column":27},"end":{"line":312,"column":43},"skip":true},{"start":{"line":312,"column":47},"end":{"line":312,"column":53},"skip":true}]},"28":{"line":316,"type":"if","locations":[{"start":{"line":316,"column":12},"end":{"line":316,"column":12},"skip":true},{"start":{"line":316,"column":12},"end":{"line":316,"column":12},"skip":true}]}},"code":["/*","example.js","","quickstart example","","instruction","    1. save this script as example.js","    2. run the shell command:","        $ npm install npmtest-verror && PORT=8081 node example.js","    3. play with the browser-demo on http://127.0.0.1:8081","*/","","","","/* istanbul instrument in package npmtest_verror */","/*jslint","    bitwise: true,","    browser: true,","    maxerr: 8,","    maxlen: 96,","    node: true,","    nomen: true,","    regexp: true,","    stupid: true","*/","(function () {","    'use strict';","    var local;","","","","    // run shared js-env code - pre-init","    (function () {","        // init local","        local = {};","        // init modeJs","        local.modeJs = (function () {","            try {","                return typeof navigator.userAgent === 'string' &&","                    typeof document.querySelector('body') === 'object' &&","                    typeof XMLHttpRequest.prototype.open === 'function' &&","                    'browser';","            } catch (errorCaughtBrowser) {","                return module.exports &&","                    typeof process.versions.node === 'string' &&","                    typeof require('http').createServer === 'function' &&","                    'node';","            }","        }());","        // init global","        local.global = local.modeJs === 'browser'","            ? window","            : global;","        // init utility2_rollup","        local = local.global.utility2_rollup || (local.modeJs === 'browser'","            ? local.global.utility2_npmtest_verror","            : global.utility2_moduleExports);","        // export local","        local.global.local = local;","    }());","    switch (local.modeJs) {","","","","    // post-init","    // run browser js-env code - post-init","    /* istanbul ignore next */","    case 'browser':","        local.testRunBrowser = function (event) {","            if (!event || (event &&","                    event.currentTarget &&","                    event.currentTarget.className &&","                    event.currentTarget.className.includes &&","                    event.currentTarget.className.includes('onreset'))) {","                // reset output","                Array.from(","                    document.querySelectorAll('body > .resettable')","                ).forEach(function (element) {","                    switch (element.tagName) {","                    case 'INPUT':","                    case 'TEXTAREA':","                        element.value = '';","                        break;","                    default:","                        element.textContent = '';","                    }","                });","            }","            switch (event && event.currentTarget && event.currentTarget.id) {","            case 'testRunButton1':","                // show tests","                if (document.querySelector('#testReportDiv1').style.display === 'none') {","                    document.querySelector('#testReportDiv1').style.display = 'block';","                    document.querySelector('#testRunButton1').textContent =","                        'hide internal test';","                    local.modeTest = true;","                    local.testRunDefault(local);","                // hide tests","                } else {","                    document.querySelector('#testReportDiv1').style.display = 'none';","                    document.querySelector('#testRunButton1').textContent = 'run internal test';","                }","                break;","            // custom-case","            default:","                break;","            }","            if (document.querySelector('#inputTextareaEval1') && (!event || (event &&","                    event.currentTarget &&","                    event.currentTarget.className &&","                    event.currentTarget.className.includes &&","                    event.currentTarget.className.includes('oneval')))) {","                // try to eval input-code","                try {","                    /*jslint evil: true*/","                    eval(document.querySelector('#inputTextareaEval1').value);","                } catch (errorCaught) {","                    console.error(errorCaught.stack);","                }","            }","        };","        // log stderr and stdout to #outputTextareaStdout1","        ['error', 'log'].forEach(function (key) {","            console[key + '_original'] = console[key];","            console[key] = function () {","                var element;","                console[key + '_original'].apply(console, arguments);","                element = document.querySelector('#outputTextareaStdout1');","                if (!element) {","                    return;","                }","                // append text to #outputTextareaStdout1","                element.value += Array.from(arguments).map(function (arg) {","                    return typeof arg === 'string'","                        ? arg","                        : JSON.stringify(arg, null, 4);","                }).join(' ') + '\\n';","                // scroll textarea to bottom","                element.scrollTop = element.scrollHeight;","            };","        });","        // init event-handling","        ['change', 'click', 'keyup'].forEach(function (event) {","            Array.from(document.querySelectorAll('.on' + event)).forEach(function (element) {","                element.addEventListener(event, local.testRunBrowser);","            });","        });","        // run tests","        local.testRunBrowser();","        break;","","","","    // run node js-env code - post-init","    /* istanbul ignore next */","    case 'node':","        // export local","        module.exports = local;","        // require modules","        local.fs = require('fs');","        local.http = require('http');","        local.url = require('url');","        // init assets","        local.assetsDict = local.assetsDict || {};","        /* jslint-ignore-begin */","        local.assetsDict['/assets.index.template.html'] = '\\","<!doctype html>\\n\\","<html lang=\"en\">\\n\\","<head>\\n\\","<meta charset=\"UTF-8\">\\n\\","<meta name=\"viewport\" content=\"width=device-width, initial-scale=1\">\\n\\","<title>{{env.npm_package_name}} (v{{env.npm_package_version}})</title>\\n\\","<style>\\n\\","/*csslint\\n\\","    box-sizing: false,\\n\\","    universal-selector: false\\n\\","*/\\n\\","* {\\n\\","    box-sizing: border-box;\\n\\","}\\n\\","body {\\n\\","    background: #dde;\\n\\","    font-family: Arial, Helvetica, sans-serif;\\n\\","    margin: 2rem;\\n\\","}\\n\\","body > * {\\n\\","    margin-bottom: 1rem;\\n\\","}\\n\\",".utility2FooterDiv {\\n\\","    margin-top: 20px;\\n\\","    text-align: center;\\n\\","}\\n\\","</style>\\n\\","<style>\\n\\","/*csslint\\n\\","*/\\n\\","textarea {\\n\\","    font-family: monospace;\\n\\","    height: 10rem;\\n\\","    width: 100%;\\n\\","}\\n\\","textarea[readonly] {\\n\\","    background: #ddd;\\n\\","}\\n\\","</style>\\n\\","</head>\\n\\","<body>\\n\\","<!-- utility2-comment\\n\\","<div id=\"ajaxProgressDiv1\" style=\"background: #d00; height: 2px; left: 0; margin: 0; padding: 0; position: fixed; top: 0; transition: background 0.5s, width 1.5s; width: 25%;\"></div>\\n\\","utility2-comment -->\\n\\","<h1>\\n\\","<!-- utility2-comment\\n\\","    <a\\n\\","        {{#if env.npm_package_homepage}}\\n\\","        href=\"{{env.npm_package_homepage}}\"\\n\\","        {{/if env.npm_package_homepage}}\\n\\","        target=\"_blank\"\\n\\","    >\\n\\","utility2-comment -->\\n\\","        {{env.npm_package_name}} (v{{env.npm_package_version}})\\n\\","<!-- utility2-comment\\n\\","    </a>\\n\\","utility2-comment -->\\n\\","</h1>\\n\\","<h3>{{env.npm_package_description}}</h3>\\n\\","<!-- utility2-comment\\n\\","<h4><a download href=\"assets.app.js\">download standalone app</a></h4>\\n\\","<button class=\"onclick onreset\" id=\"testRunButton1\">run internal test</button><br>\\n\\","<div id=\"testReportDiv1\" style=\"display: none;\"></div>\\n\\","utility2-comment -->\\n\\","\\n\\","\\n\\","\\n\\","<label>stderr and stdout</label>\\n\\","<textarea class=\"resettable\" id=\"outputTextareaStdout1\" readonly></textarea>\\n\\","<!-- utility2-comment\\n\\","{{#if isRollup}}\\n\\","<script src=\"assets.app.js\"></script>\\n\\","{{#unless isRollup}}\\n\\","utility2-comment -->\\n\\","<script src=\"assets.utility2.rollup.js\"></script>\\n\\","<script src=\"jsonp.utility2._stateInit?callback=window.utility2._stateInit\"></script>\\n\\","<script src=\"assets.npmtest_verror.rollup.js\"></script>\\n\\","<script src=\"assets.example.js\"></script>\\n\\","<script src=\"assets.test.js\"></script>\\n\\","<!-- utility2-comment\\n\\","{{/if isRollup}}\\n\\","utility2-comment -->\\n\\","<div class=\"utility2FooterDiv\">\\n\\","    [ this app was created with\\n\\","    <a href=\"https://github.com/kaizhu256/node-utility2\" target=\"_blank\">utility2</a>\\n\\","    ]\\n\\","</div>\\n\\","</body>\\n\\","</html>\\n\\","';","        /* jslint-ignore-end */","        if (local.templateRender) {","            local.assetsDict['/'] = local.templateRender(","                local.assetsDict['/assets.index.template.html'],","                {","                    env: local.objectSetDefault(local.env, {","                        npm_package_description: 'the greatest app in the world!',","                        npm_package_name: 'my-app',","                        npm_package_nameAlias: 'my_app',","                        npm_package_version: '0.0.1'","                    })","                }","            );","        } else {","            local.assetsDict['/'] = local.assetsDict['/assets.index.template.html']","                .replace((/\\{\\{env\\.(\\w+?)\\}\\}/g), function (match0, match1) {","                    // jslint-hack","                    String(match0);","                    switch (match1) {","                    case 'npm_package_description':","                        return 'the greatest app in the world!';","                    case 'npm_package_name':","                        return 'my-app';","                    case 'npm_package_nameAlias':","                        return 'my_app';","                    case 'npm_package_version':","                        return '0.0.1';","                    }","                });","        }","        // run the cli","        if (local.global.utility2_rollup || module !== require.main) {","            break;","        }","        local.assetsDict['/assets.example.js'] =","            local.assetsDict['/assets.example.js'] ||","            local.fs.readFileSync(__filename, 'utf8');","        local.assetsDict['/assets.npmtest_verror.rollup.js'] =","            local.assetsDict['/assets.npmtest_verror.rollup.js'] ||","            local.fs.readFileSync(","                // buildCustomOrg-hack","                local.npmtest_verror.__dirname +","                    '/lib.npmtest_verror.js',","                'utf8'","            ).replace((/^#!/), '//');","        local.assetsDict['/favicon.ico'] = local.assetsDict['/favicon.ico'] || '';","        // if $npm_config_timeout_exit exists,","        // then exit this process after $npm_config_timeout_exit ms","        if (Number(process.env.npm_config_timeout_exit)) {","            setTimeout(process.exit, Number(process.env.npm_config_timeout_exit));","        }","        // start server","        if (local.global.utility2_serverHttp1) {","            break;","        }","        process.env.PORT = process.env.PORT || '8081';","        console.error('server starting on port ' + process.env.PORT);","        local.http.createServer(function (request, response) {","            request.urlParsed = local.url.parse(request.url);","            if (local.assetsDict[request.urlParsed.pathname] !== undefined) {","                response.end(local.assetsDict[request.urlParsed.pathname]);","                return;","            }","            response.statusCode = 404;","            response.end();","        }).listen(process.env.PORT);","        break;","    }","}());",""],"l":{"26":2,"28":2,"33":2,"35":2,"37":2,"38":2,"39":2,"44":1,"51":2,"55":2,"59":2,"61":2,"69":1,"70":2,"76":2,"79":2,"82":2,"83":2,"85":1,"89":2,"92":1,"93":1,"94":1,"96":1,"97":1,"100":1,"101":1,"103":1,"106":1,"108":2,"114":1,"116":1,"118":1,"123":1,"124":2,"125":2,"126":2,"127":2,"128":2,"129":2,"130":1,"133":2,"134":2,"139":2,"143":1,"144":3,"145":1,"149":1,"150":1,"158":1,"160":1,"161":1,"162":1,"164":1,"166":1,"258":1,"259":1,"271":1,"274":6,"275":6,"277":1,"279":2,"281":1,"283":2,"288":1,"289":1,"291":1,"294":1,"302":1,"305":1,"306":1,"309":1,"310":1,"312":1,"313":1,"314":1,"315":1,"316":1,"317":1,"318":1,"320":1,"321":1,"323":1}},"/home/travis/build/npmtest/node-npmtest-verror/verror/lib/verror.js":{"path":"/home/travis/build/npmtest/node-npmtest-verror/verror/lib/verror.js","s":{"1":1,"2":1,"3":1,"4":1,"5":1,"6":1,"7":1,"8":1,"9":1,"10":1,"11":1,"12":0,"13":0,"14":0,"15":0,"16":0,"17":0,"18":0,"19":0,"20":0,"21":0,"22":0,"23":0,"24":0,"25":0,"26":0,"27":0,"28":0,"29":0,"30":0,"31":0,"32":0,"33":0,"34":0,"35":0,"36":0,"37":0,"38":0,"39":1,"40":0,"41":0,"42":0,"43":0,"44":0,"45":0,"46":0,"47":0,"48":0,"49":0,"50":0,"51":0,"52":0,"53":0,"54":0,"55":0,"56":0,"57":0,"58":0,"59":0,"60":0,"61":0,"62":0,"63":0,"64":0,"65":0,"66":0,"67":0,"68":1,"69":1,"70":1,"71":0,"72":0,"73":0,"74":0,"75":1,"76":0,"77":0,"78":1,"79":0,"80":0,"81":1,"82":0,"83":0,"84":0,"85":0,"86":0,"87":0,"88":0,"89":0,"90":0,"91":0,"92":1,"93":0,"94":0,"95":0,"96":0,"97":0,"98":0,"99":0,"100":0,"101":0,"102":1,"103":0,"104":1,"105":0,"106":0,"107":0,"108":0,"109":0,"110":1,"111":0,"112":0,"113":0,"114":0,"115":0,"116":0,"117":0,"118":0,"119":0,"120":0,"121":1,"122":1,"123":0,"124":0,"125":0,"126":0,"127":1,"128":1,"129":1,"130":0,"131":1,"132":0,"133":0,"134":0,"135":0,"136":0,"137":0,"138":0,"139":0,"140":0,"141":0,"142":0,"143":1,"144":1,"145":1,"146":0,"147":0,"148":0,"149":0,"150":0,"151":0,"152":1,"153":0,"154":0,"155":0},"b":{"1":[0,0],"2":[0,0],"3":[0,0],"4":[0,0],"5":[0,0],"6":[0,0],"7":[0,0],"8":[0,0],"9":[0,0],"10":[0,0],"11":[0,0],"12":[0,0],"13":[0,0],"14":[0,0],"15":[0,0],"16":[0,0,0,0],"17":[0,0],"18":[0,0],"19":[0,0],"20":[0,0],"21":[0,0],"22":[0,0],"23":[0,0],"24":[0,0],"25":[0,0],"26":[0,0],"27":[0,0],"28":[0,0,0,0],"29":[0,0],"30":[0,0],"31":[0,0],"32":[0,0]},"f":{"1":0,"2":0,"3":0,"4":0,"5":0,"6":0,"7":0,"8":0,"9":0,"10":0,"11":0,"12":0,"13":0,"14":0,"15":0,"16":0},"fnMap":{"1":{"name":"parseConstructorArguments","line":51,"loc":{"start":{"line":51,"column":0},"end":{"line":52,"column":0}}},"2":{"name":"(anonymous_2)","line":111,"loc":{"start":{"line":111,"column":34},"end":{"line":111,"column":47}}},"3":{"name":"VError","line":132,"loc":{"start":{"line":132,"column":0},"end":{"line":133,"column":0}}},"4":{"name":"ve_toString","line":216,"loc":{"start":{"line":216,"column":28},"end":{"line":217,"column":0}}},"5":{"name":"ve_cause","line":231,"loc":{"start":{"line":231,"column":25},"end":{"line":232,"column":0}}},"6":{"name":"(anonymous_6)","line":246,"loc":{"start":{"line":246,"column":15},"end":{"line":247,"column":0}}},"7":{"name":"(anonymous_7)","line":252,"loc":{"start":{"line":252,"column":14},"end":{"line":253,"column":0}}},"8":{"name":"(anonymous_8)","line":273,"loc":{"start":{"line":273,"column":25},"end":{"line":274,"column":0}}},"9":{"name":"(anonymous_9)","line":291,"loc":{"start":{"line":291,"column":26},"end":{"line":292,"column":0}}},"10":{"name":"(anonymous_10)","line":296,"loc":{"start":{"line":296,"column":19},"end":{"line":297,"column":0}}},"11":{"name":"SError","line":314,"loc":{"start":{"line":314,"column":0},"end":{"line":315,"column":0}}},"12":{"name":"MultiError","line":349,"loc":{"start":{"line":349,"column":0},"end":{"line":350,"column":0}}},"13":{"name":"me_errors","line":363,"loc":{"start":{"line":363,"column":30},"end":{"line":364,"column":0}}},"14":{"name":"WError","line":372,"loc":{"start":{"line":372,"column":0},"end":{"line":373,"column":0}}},"15":{"name":"we_toString","line":398,"loc":{"start":{"line":398,"column":28},"end":{"line":399,"column":0}}},"16":{"name":"we_cause","line":414,"loc":{"start":{"line":414,"column":25},"end":{"line":415,"column":0}}}},"statementMap":{"1":{"start":{"line":5,"column":0},"end":{"line":5,"column":44}},"2":{"start":{"line":6,"column":0},"end":{"line":6,"column":31}},"3":{"start":{"line":8,"column":0},"end":{"line":8,"column":43}},"4":{"start":{"line":9,"column":0},"end":{"line":9,"column":50}},"5":{"start":{"line":10,"column":0},"end":{"line":10,"column":37}},"6":{"start":{"line":17,"column":0},"end":{"line":17,"column":24}},"7":{"start":{"line":19,"column":0},"end":{"line":19,"column":23}},"8":{"start":{"line":21,"column":0},"end":{"line":21,"column":23}},"9":{"start":{"line":22,"column":0},"end":{"line":22,"column":23}},"10":{"start":{"line":23,"column":0},"end":{"line":23,"column":31}},"11":{"start":{"line":51,"column":0},"end":{"line":127,"column":1}},"12":{"start":{"line":53,"column":1},"end":{"line":53,"column":50}},"13":{"start":{"line":55,"column":1},"end":{"line":55,"column":37}},"14":{"start":{"line":56,"column":1},"end":{"line":56,"column":49}},"15":{"start":{"line":57,"column":1},"end":{"line":57,"column":46}},"16":{"start":{"line":58,"column":1},"end":{"line":58,"column":18}},"17":{"start":{"line":63,"column":1},"end":{"line":81,"column":2}},"18":{"start":{"line":64,"column":2},"end":{"line":64,"column":15}},"19":{"start":{"line":65,"column":2},"end":{"line":65,"column":20}},"20":{"start":{"line":66,"column":8},"end":{"line":81,"column":2}},"21":{"start":{"line":67,"column":2},"end":{"line":67,"column":33}},"22":{"start":{"line":68,"column":2},"end":{"line":68,"column":31}},"23":{"start":{"line":69,"column":8},"end":{"line":81,"column":2}},"24":{"start":{"line":70,"column":2},"end":{"line":70,"column":15}},"25":{"start":{"line":71,"column":2},"end":{"line":73,"column":3}},"26":{"start":{"line":72,"column":3},"end":{"line":72,"column":27}},"27":{"start":{"line":74,"column":2},"end":{"line":74,"column":31}},"28":{"start":{"line":76,"column":2},"end":{"line":78,"column":56}},"29":{"start":{"line":79,"column":2},"end":{"line":79,"column":15}},"30":{"start":{"line":80,"column":2},"end":{"line":80,"column":22}},"31":{"start":{"line":109,"column":1},"end":{"line":109,"column":32}},"32":{"start":{"line":110,"column":1},"end":{"line":115,"column":2}},"33":{"start":{"line":111,"column":2},"end":{"line":114,"column":5}},"34":{"start":{"line":112,"column":3},"end":{"line":113,"column":42}},"35":{"start":{"line":117,"column":1},"end":{"line":121,"column":2}},"36":{"start":{"line":118,"column":2},"end":{"line":118,"column":20}},"37":{"start":{"line":120,"column":2},"end":{"line":120,"column":51}},"38":{"start":{"line":123,"column":1},"end":{"line":126,"column":4}},"39":{"start":{"line":132,"column":0},"end":{"line":211,"column":1}},"40":{"start":{"line":134,"column":1},"end":{"line":134,"column":48}},"41":{"start":{"line":136,"column":1},"end":{"line":136,"column":49}},"42":{"start":{"line":143,"column":1},"end":{"line":147,"column":2}},"43":{"start":{"line":144,"column":2},"end":{"line":144,"column":40}},"44":{"start":{"line":145,"column":2},"end":{"line":145,"column":31}},"45":{"start":{"line":146,"column":2},"end":{"line":146,"column":15}},"46":{"start":{"line":153,"column":1},"end":{"line":156,"column":4}},"47":{"start":{"line":161,"column":1},"end":{"line":165,"column":2}},"48":{"start":{"line":162,"column":2},"end":{"line":163,"column":42}},"49":{"start":{"line":164,"column":2},"end":{"line":164,"column":34}},"50":{"start":{"line":172,"column":1},"end":{"line":172,"column":41}},"51":{"start":{"line":173,"column":1},"end":{"line":173,"column":31}},"52":{"start":{"line":179,"column":1},"end":{"line":179,"column":30}},"53":{"start":{"line":180,"column":1},"end":{"line":187,"column":2}},"54":{"start":{"line":181,"column":2},"end":{"line":181,"column":65}},"55":{"start":{"line":182,"column":2},"end":{"line":182,"column":25}},"56":{"start":{"line":184,"column":2},"end":{"line":186,"column":3}},"57":{"start":{"line":185,"column":3},"end":{"line":185,"column":35}},"58":{"start":{"line":195,"column":1},"end":{"line":195,"column":20}},"59":{"start":{"line":196,"column":1},"end":{"line":200,"column":2}},"60":{"start":{"line":197,"column":2},"end":{"line":199,"column":3}},"61":{"start":{"line":198,"column":3},"end":{"line":198,"column":45}},"62":{"start":{"line":202,"column":1},"end":{"line":202,"column":24}},"63":{"start":{"line":203,"column":1},"end":{"line":203,"column":27}},"64":{"start":{"line":205,"column":1},"end":{"line":208,"column":2}},"65":{"start":{"line":206,"column":2},"end":{"line":206,"column":59}},"66":{"start":{"line":207,"column":2},"end":{"line":207,"column":38}},"67":{"start":{"line":210,"column":1},"end":{"line":210,"column":15}},"68":{"start":{"line":213,"column":0},"end":{"line":213,"column":33}},"69":{"start":{"line":214,"column":0},"end":{"line":214,"column":33}},"70":{"start":{"line":216,"column":0},"end":{"line":224,"column":2}},"71":{"start":{"line":218,"column":1},"end":{"line":219,"column":60}},"72":{"start":{"line":220,"column":1},"end":{"line":221,"column":29}},"73":{"start":{"line":221,"column":2},"end":{"line":221,"column":29}},"74":{"start":{"line":223,"column":1},"end":{"line":223,"column":14}},"75":{"start":{"line":231,"column":0},"end":{"line":235,"column":2}},"76":{"start":{"line":233,"column":1},"end":{"line":233,"column":32}},"77":{"start":{"line":234,"column":1},"end":{"line":234,"column":45}},"78":{"start":{"line":246,"column":0},"end":{"line":250,"column":2}},"79":{"start":{"line":248,"column":1},"end":{"line":248,"column":61}},"80":{"start":{"line":249,"column":1},"end":{"line":249,"column":60}},"81":{"start":{"line":252,"column":0},"end":{"line":271,"column":2}},"82":{"start":{"line":254,"column":1},"end":{"line":254,"column":18}},"83":{"start":{"line":256,"column":1},"end":{"line":256,"column":61}},"84":{"start":{"line":257,"column":1},"end":{"line":257,"column":27}},"85":{"start":{"line":258,"column":1},"end":{"line":262,"column":2}},"86":{"start":{"line":259,"column":2},"end":{"line":259,"column":26}},"87":{"start":{"line":261,"column":2},"end":{"line":261,"column":10}},"88":{"start":{"line":264,"column":1},"end":{"line":268,"column":2}},"89":{"start":{"line":265,"column":2},"end":{"line":267,"column":3}},"90":{"start":{"line":266,"column":3},"end":{"line":266,"column":27}},"91":{"start":{"line":270,"column":1},"end":{"line":270,"column":13}},"92":{"start":{"line":273,"column":0},"end":{"line":289,"column":2}},"93":{"start":{"line":275,"column":1},"end":{"line":275,"column":11}},"94":{"start":{"line":277,"column":1},"end":{"line":277,"column":61}},"95":{"start":{"line":278,"column":1},"end":{"line":278,"column":37}},"96":{"start":{"line":279,"column":1},"end":{"line":279,"column":60}},"97":{"start":{"line":281,"column":1},"end":{"line":286,"column":2}},"98":{"start":{"line":282,"column":2},"end":{"line":282,"column":40}},"99":{"start":{"line":283,"column":2},"end":{"line":285,"column":3}},"100":{"start":{"line":284,"column":3},"end":{"line":284,"column":18}},"101":{"start":{"line":288,"column":1},"end":{"line":288,"column":15}},"102":{"start":{"line":291,"column":0},"end":{"line":294,"column":2}},"103":{"start":{"line":293,"column":1},"end":{"line":293,"column":53}},"104":{"start":{"line":296,"column":0},"end":{"line":307,"column":2}},"105":{"start":{"line":298,"column":1},"end":{"line":298,"column":61}},"106":{"start":{"line":300,"column":1},"end":{"line":300,"column":31}},"107":{"start":{"line":302,"column":1},"end":{"line":304,"column":2}},"108":{"start":{"line":303,"column":2},"end":{"line":303,"column":65}},"109":{"start":{"line":306,"column":1},"end":{"line":306,"column":20}},"110":{"start":{"line":314,"column":0},"end":{"line":334,"column":1}},"111":{"start":{"line":316,"column":1},"end":{"line":316,"column":32}},"112":{"start":{"line":318,"column":1},"end":{"line":318,"column":49}},"113":{"start":{"line":319,"column":1},"end":{"line":323,"column":2}},"114":{"start":{"line":320,"column":2},"end":{"line":320,"column":40}},"115":{"start":{"line":321,"column":2},"end":{"line":321,"column":31}},"116":{"start":{"line":322,"column":2},"end":{"line":322,"column":15}},"117":{"start":{"line":325,"column":1},"end":{"line":328,"column":4}},"118":{"start":{"line":330,"column":1},"end":{"line":330,"column":26}},"119":{"start":{"line":331,"column":1},"end":{"line":331,"column":55}},"120":{"start":{"line":333,"column":1},"end":{"line":333,"column":15}},"121":{"start":{"line":340,"column":0},"end":{"line":340,"column":34}},"122":{"start":{"line":349,"column":0},"end":{"line":358,"column":1}},"123":{"start":{"line":351,"column":1},"end":{"line":351,"column":48}},"124":{"start":{"line":352,"column":1},"end":{"line":352,"column":68}},"125":{"start":{"line":353,"column":1},"end":{"line":353,"column":26}},"126":{"start":{"line":355,"column":1},"end":{"line":357,"column":73}},"127":{"start":{"line":360,"column":0},"end":{"line":360,"column":38}},"128":{"start":{"line":361,"column":0},"end":{"line":361,"column":41}},"129":{"start":{"line":363,"column":0},"end":{"line":366,"column":2}},"130":{"start":{"line":365,"column":1},"end":{"line":365,"column":35}},"131":{"start":{"line":372,"column":0},"end":{"line":393,"column":1}},"132":{"start":{"line":374,"column":1},"end":{"line":374,"column":32}},"133":{"start":{"line":376,"column":1},"end":{"line":376,"column":49}},"134":{"start":{"line":377,"column":1},"end":{"line":381,"column":2}},"135":{"start":{"line":378,"column":2},"end":{"line":378,"column":40}},"136":{"start":{"line":379,"column":2},"end":{"line":379,"column":26}},"137":{"start":{"line":380,"column":2},"end":{"line":380,"column":15}},"138":{"start":{"line":383,"column":1},"end":{"line":386,"column":4}},"139":{"start":{"line":388,"column":1},"end":{"line":388,"column":26}},"140":{"start":{"line":389,"column":1},"end":{"line":389,"column":36}},"141":{"start":{"line":390,"column":1},"end":{"line":390,"column":55}},"142":{"start":{"line":392,"column":1},"end":{"line":392,"column":15}},"143":{"start":{"line":395,"column":0},"end":{"line":395,"column":34}},"144":{"start":{"line":396,"column":0},"end":{"line":396,"column":33}},"145":{"start":{"line":398,"column":0},"end":{"line":408,"column":2}},"146":{"start":{"line":400,"column":1},"end":{"line":401,"column":60}},"147":{"start":{"line":402,"column":1},"end":{"line":403,"column":29}},"148":{"start":{"line":403,"column":2},"end":{"line":403,"column":29}},"149":{"start":{"line":404,"column":1},"end":{"line":405,"column":52}},"150":{"start":{"line":405,"column":2},"end":{"line":405,"column":52}},"151":{"start":{"line":407,"column":1},"end":{"line":407,"column":14}},"152":{"start":{"line":414,"column":0},"end":{"line":420,"column":2}},"153":{"start":{"line":416,"column":1},"end":{"line":417,"column":21}},"154":{"start":{"line":417,"column":2},"end":{"line":417,"column":21}},"155":{"start":{"line":419,"column":1},"end":{"line":419,"column":25}}},"branchMap":{"1":{"line":63,"type":"if","locations":[{"start":{"line":63,"column":1},"end":{"line":63,"column":1}},{"start":{"line":63,"column":1},"end":{"line":63,"column":1}}]},"2":{"line":66,"type":"if","locations":[{"start":{"line":66,"column":8},"end":{"line":66,"column":8}},{"start":{"line":66,"column":8},"end":{"line":66,"column":8}}]},"3":{"line":69,"type":"if","locations":[{"start":{"line":69,"column":8},"end":{"line":69,"column":8}},{"start":{"line":69,"column":8},"end":{"line":69,"column":8}}]},"4":{"line":110,"type":"if","locations":[{"start":{"line":110,"column":1},"end":{"line":110,"column":1}},{"start":{"line":110,"column":1},"end":{"line":110,"column":1}}]},"5":{"line":110,"type":"binary-expr","locations":[{"start":{"line":110,"column":5},"end":{"line":110,"column":20}},{"start":{"line":110,"column":24},"end":{"line":110,"column":36}}]},"6":{"line":112,"type":"cond-expr","locations":[{"start":{"line":112,"column":24},"end":{"line":112,"column":30}},{"start":{"line":113,"column":7},"end":{"line":113,"column":40}}]},"7":{"line":113,"type":"cond-expr","locations":[{"start":{"line":113,"column":25},"end":{"line":113,"column":36}},{"start":{"line":113,"column":39},"end":{"line":113,"column":40}}]},"8":{"line":117,"type":"if","locations":[{"start":{"line":117,"column":1},"end":{"line":117,"column":1}},{"start":{"line":117,"column":1},"end":{"line":117,"column":1}}]},"9":{"line":143,"type":"if","locations":[{"start":{"line":143,"column":1},"end":{"line":143,"column":1}},{"start":{"line":143,"column":1},"end":{"line":143,"column":1}}]},"10":{"line":161,"type":"if","locations":[{"start":{"line":161,"column":1},"end":{"line":161,"column":1}},{"start":{"line":161,"column":1},"end":{"line":161,"column":1}}]},"11":{"line":180,"type":"if","locations":[{"start":{"line":180,"column":1},"end":{"line":180,"column":1}},{"start":{"line":180,"column":1},"end":{"line":180,"column":1}}]},"12":{"line":184,"type":"if","locations":[{"start":{"line":184,"column":2},"end":{"line":184,"column":2}},{"start":{"line":184,"column":2},"end":{"line":184,"column":2}}]},"13":{"line":196,"type":"if","locations":[{"start":{"line":196,"column":1},"end":{"line":196,"column":1}},{"start":{"line":196,"column":1},"end":{"line":196,"column":1}}]},"14":{"line":205,"type":"if","locations":[{"start":{"line":205,"column":1},"end":{"line":205,"column":1}},{"start":{"line":205,"column":1},"end":{"line":205,"column":1}}]},"15":{"line":206,"type":"binary-expr","locations":[{"start":{"line":206,"column":9},"end":{"line":206,"column":38}},{"start":{"line":206,"column":42},"end":{"line":206,"column":58}}]},"16":{"line":218,"type":"binary-expr","locations":[{"start":{"line":218,"column":12},"end":{"line":218,"column":39}},{"start":{"line":218,"column":43},"end":{"line":218,"column":52}},{"start":{"line":219,"column":2},"end":{"line":219,"column":23}},{"start":{"line":219,"column":27},"end":{"line":219,"column":58}}]},"17":{"line":220,"type":"if","locations":[{"start":{"line":220,"column":1},"end":{"line":220,"column":1}},{"start":{"line":220,"column":1},"end":{"line":220,"column":1}}]},"18":{"line":234,"type":"cond-expr","locations":[{"start":{"line":234,"column":26},"end":{"line":234,"column":35}},{"start":{"line":234,"column":38},"end":{"line":234,"column":43}}]},"19":{"line":249,"type":"cond-expr","locations":[{"start":{"line":249,"column":38},"end":{"line":249,"column":51}},{"start":{"line":249,"column":54},"end":{"line":249,"column":58}}]},"20":{"line":258,"type":"if","locations":[{"start":{"line":258,"column":1},"end":{"line":258,"column":1}},{"start":{"line":258,"column":1},"end":{"line":258,"column":1}}]},"21":{"line":264,"type":"if","locations":[{"start":{"line":264,"column":1},"end":{"line":264,"column":1}},{"start":{"line":264,"column":1},"end":{"line":264,"column":1}}]},"22":{"line":264,"type":"binary-expr","locations":[{"start":{"line":264,"column":5},"end":{"line":264,"column":38}},{"start":{"line":264,"column":42},"end":{"line":264,"column":63}}]},"23":{"line":283,"type":"if","locations":[{"start":{"line":283,"column":2},"end":{"line":283,"column":2}},{"start":{"line":283,"column":2},"end":{"line":283,"column":2}}]},"24":{"line":302,"type":"if","locations":[{"start":{"line":302,"column":1},"end":{"line":302,"column":1}},{"start":{"line":302,"column":1},"end":{"line":302,"column":1}}]},"25":{"line":319,"type":"if","locations":[{"start":{"line":319,"column":1},"end":{"line":319,"column":1}},{"start":{"line":319,"column":1},"end":{"line":319,"column":1}}]},"26":{"line":357,"type":"cond-expr","locations":[{"start":{"line":357,"column":63},"end":{"line":357,"column":65}},{"start":{"line":357,"column":68},"end":{"line":357,"column":71}}]},"27":{"line":377,"type":"if","locations":[{"start":{"line":377,"column":1},"end":{"line":377,"column":1}},{"start":{"line":377,"column":1},"end":{"line":377,"column":1}}]},"28":{"line":400,"type":"binary-expr","locations":[{"start":{"line":400,"column":12},"end":{"line":400,"column":39}},{"start":{"line":400,"column":43},"end":{"line":400,"column":52}},{"start":{"line":401,"column":2},"end":{"line":401,"column":23}},{"start":{"line":401,"column":27},"end":{"line":401,"column":58}}]},"29":{"line":402,"type":"if","locations":[{"start":{"line":402,"column":1},"end":{"line":402,"column":1}},{"start":{"line":402,"column":1},"end":{"line":402,"column":1}}]},"30":{"line":404,"type":"if","locations":[{"start":{"line":404,"column":1},"end":{"line":404,"column":1}},{"start":{"line":404,"column":1},"end":{"line":404,"column":1}}]},"31":{"line":404,"type":"binary-expr","locations":[{"start":{"line":404,"column":5},"end":{"line":404,"column":19}},{"start":{"line":404,"column":23},"end":{"line":404,"column":45}}]},"32":{"line":416,"type":"if","locations":[{"start":{"line":416,"column":1},"end":{"line":416,"column":1}},{"start":{"line":416,"column":1},"end":{"line":416,"column":1}}]}},"code":["/*"," * verror.js: richer JavaScript errors"," */","","var mod_assertplus = require('assert-plus');","var mod_util = require('util');","","var mod_extsprintf = require('extsprintf');","var mod_isError = require('core-util-is').isError;","var sprintf = mod_extsprintf.sprintf;","","/*"," * Public interface"," */","","/* So you can 'var VError = require('verror')' */","module.exports = VError;","/* For compatibility */","VError.VError = VError;","/* Other exported classes */","VError.SError = SError;","VError.WError = WError;","VError.MultiError = MultiError;","","/*"," * Common function used to parse constructor arguments for VError, WError, and"," * SError.  Named arguments to this function:"," *"," *     strict\t\tforce strict interpretation of sprintf arguments, even"," *     \t\t\tif the options in \"argv\" don't say so"," *"," *     argv\t\terror's constructor arguments, which are to be"," *     \t\t\tinterpreted as described in README.md.  For quick"," *     \t\t\treference, \"argv\" has one of the following forms:"," *"," *          [ sprintf_args... ]           (argv[0] is a string)"," *          [ cause, sprintf_args... ]    (argv[0] is an Error)"," *          [ options, sprintf_args... ]  (argv[0] is an object)"," *"," * This function normalizes these forms, producing an object with the following"," * properties:"," *"," *    options           equivalent to \"options\" in third form.  This will never"," *    \t\t\tbe a direct reference to what the caller passed in"," *    \t\t\t(i.e., it may be a shallow copy), so it can be freely"," *    \t\t\tmodified."," *"," *    shortmessage      result of sprintf(sprintf_args), taking options.strict"," *    \t\t\tinto account as described in README.md."," */","function parseConstructorArguments(args)","{","\tvar argv, options, sprintf_args, shortmessage, k;","","\tmod_assertplus.object(args, 'args');","\tmod_assertplus.bool(args.strict, 'args.strict');","\tmod_assertplus.array(args.argv, 'args.argv');","\targv = args.argv;","","\t/*","\t * First, figure out which form of invocation we've been given.","\t */","\tif (argv.length === 0) {","\t\toptions = {};","\t\tsprintf_args = [];","\t} else if (mod_isError(argv[0])) {","\t\toptions = { 'cause': argv[0] };","\t\tsprintf_args = argv.slice(1);","\t} else if (typeof (argv[0]) === 'object') {","\t\toptions = {};","\t\tfor (k in argv[0]) {","\t\t\toptions[k] = argv[0][k];","\t\t}","\t\tsprintf_args = argv.slice(1);","\t} else {","\t\tmod_assertplus.string(argv[0],","\t\t    'first argument to VError, SError, or WError ' +","\t\t    'constructor must be a string, object, or Error');","\t\toptions = {};","\t\tsprintf_args = argv;","\t}","","\t/*","\t * Now construct the error's message.","\t *","\t * extsprintf (which we invoke here with our caller's arguments in order","\t * to construct this Error's message) is strict in its interpretation of","\t * values to be processed by the \"%s\" specifier.  The value passed to","\t * extsprintf must actually be a string or something convertible to a","\t * String using .toString().  Passing other values (notably \"null\" and","\t * \"undefined\") is considered a programmer error.  The assumption is","\t * that if you actually want to print the string \"null\" or \"undefined\",","\t * then that's easy to do that when you're calling extsprintf; on the","\t * other hand, if you did NOT want that (i.e., there's actually a bug","\t * where the program assumes some variable is non-null and tries to","\t * print it, which might happen when constructing a packet or file in","\t * some specific format), then it's better to stop immediately than","\t * produce bogus output.","\t *","\t * However, sometimes the bug is only in the code calling VError, and a","\t * programmer might prefer to have the error message contain \"null\" or","\t * \"undefined\" rather than have the bug in the error path crash the","\t * program (making the first bug harder to identify).  For that reason,","\t * by default VError converts \"null\" or \"undefined\" arguments to their","\t * string representations and passes those to extsprintf.  Programmers","\t * desiring the strict behavior can use the SError class or pass the","\t * \"strict\" option to the VError constructor.","\t */","\tmod_assertplus.object(options);","\tif (!options.strict && !args.strict) {","\t\tsprintf_args = sprintf_args.map(function (a) {","\t\t\treturn (a === null ? 'null' :","\t\t\t    a === undefined ? 'undefined' : a);","\t\t});","\t}","","\tif (sprintf_args.length === 0) {","\t\tshortmessage = '';","\t} else {","\t\tshortmessage = sprintf.apply(null, sprintf_args);","\t}","","\treturn ({","\t    'options': options,","\t    'shortmessage': shortmessage","\t});","}","","/*"," * See README.md for reference documentation."," */","function VError()","{","\tvar args, obj, parsed, cause, ctor, message, k;","","\targs = Array.prototype.slice.call(arguments, 0);","","\t/*","\t * This is a regrettable pattern, but JavaScript's built-in Error class","\t * is defined to work this way, so we allow the constructor to be called","\t * without \"new\".","\t */","\tif (!(this instanceof VError)) {","\t\tobj = Object.create(VError.prototype);","\t\tVError.apply(obj, arguments);","\t\treturn (obj);","\t}","","\t/*","\t * For convenience and backwards compatibility, we support several","\t * different calling forms.  Normalize them here.","\t */","\tparsed = parseConstructorArguments({","\t    'argv': args,","\t    'strict': false","\t});","","\t/*","\t * If we've been given a name, apply it now.","\t */","\tif (parsed.options.name) {","\t\tmod_assertplus.string(parsed.options.name,","\t\t    'error\\'s \"name\" must be a string');","\t\tthis.name = parsed.options.name;","\t}","","\t/*","\t * For debugging, we keep track of the original short message (attached","\t * this Error particularly) separately from the complete message (which","\t * includes the messages of our cause chain).","\t */","\tthis.jse_shortmsg = parsed.shortmessage;","\tmessage = parsed.shortmessage;","","\t/*","\t * If we've been given a cause, record a reference to it and update our","\t * message appropriately.","\t */","\tcause = parsed.options.cause;","\tif (cause) {","\t\tmod_assertplus.ok(mod_isError(cause), 'cause is not an Error');","\t\tthis.jse_cause = cause;","","\t\tif (!parsed.options.skipCauseMessage) {","\t\t\tmessage += ': ' + cause.message;","\t\t}","\t}","","\t/*","\t * If we've been given an object with properties, shallow-copy that","\t * here.  We don't want to use a deep copy in case there are non-plain","\t * objects here, but we don't want to use the original object in case","\t * the caller modifies it later.","\t */","\tthis.jse_info = {};","\tif (parsed.options.info) {","\t\tfor (k in parsed.options.info) {","\t\t\tthis.jse_info[k] = parsed.options.info[k];","\t\t}","\t}","","\tthis.message = message;","\tError.call(this, message);","","\tif (Error.captureStackTrace) {","\t\tctor = parsed.options.constructorOpt || this.constructor;","\t\tError.captureStackTrace(this, ctor);","\t}","","\treturn (this);","}","","mod_util.inherits(VError, Error);","VError.prototype.name = 'VError';","","VError.prototype.toString = function ve_toString()","{","\tvar str = (this.hasOwnProperty('name') && this.name ||","\t\tthis.constructor.name || this.constructor.prototype.name);","\tif (this.message)","\t\tstr += ': ' + this.message;","","\treturn (str);","};","","/*"," * This method is provided for compatibility.  New callers should use"," * VError.cause() instead.  That method also uses the saner `null` return value"," * when there is no cause."," */","VError.prototype.cause = function ve_cause()","{","\tvar cause = VError.cause(this);","\treturn (cause === null ? undefined : cause);","};","","/*"," * Static methods"," *"," * These class-level methods are provided so that callers can use them on"," * instances of Errors that are not VErrors.  New interfaces should be provided"," * only using static methods to eliminate the class of programming mistake where"," * people fail to check whether the Error object has the corresponding methods."," */","","VError.cause = function (err)","{","\tmod_assertplus.ok(mod_isError(err), 'err must be an Error');","\treturn (mod_isError(err.jse_cause) ? err.jse_cause : null);","};","","VError.info = function (err)","{","\tvar rv, cause, k;","","\tmod_assertplus.ok(mod_isError(err), 'err must be an Error');","\tcause = VError.cause(err);","\tif (cause !== null) {","\t\trv = VError.info(cause);","\t} else {","\t\trv = {};","\t}","","\tif (typeof (err.jse_info) == 'object' && err.jse_info !== null) {","\t\tfor (k in err.jse_info) {","\t\t\trv[k] = err.jse_info[k];","\t\t}","\t}","","\treturn (rv);","};","","VError.findCauseByName = function (err, name)","{","\tvar cause;","","\tmod_assertplus.ok(mod_isError(err), 'err must be an Error');","\tmod_assertplus.string(name, 'name');","\tmod_assertplus.ok(name.length > 0, 'name cannot be empty');","","\tfor (cause = err; cause !== null; cause = VError.cause(cause)) {","\t\tmod_assertplus.ok(mod_isError(cause));","\t\tif (cause.name == name) {","\t\t\treturn (cause);","\t\t}","\t}","","\treturn (null);","};","","VError.hasCauseWithName = function (err, name)","{","\treturn (VError.findCauseByName(err, name) !== null);","};","","VError.fullStack = function (err)","{","\tmod_assertplus.ok(mod_isError(err), 'err must be an Error');","","\tvar cause = VError.cause(err);","","\tif (cause) {","\t\treturn (err.stack + '\\ncaused by: ' + VError.fullStack(cause));","\t}","","\treturn (err.stack);","};","","","/*"," * SError is like VError, but stricter about types.  You cannot pass \"null\" or"," * \"undefined\" as string arguments to the formatter."," */","function SError()","{","\tvar args, obj, parsed, options;","","\targs = Array.prototype.slice.call(arguments, 0);","\tif (!(this instanceof SError)) {","\t\tobj = Object.create(SError.prototype);","\t\tSError.apply(obj, arguments);","\t\treturn (obj);","\t}","","\tparsed = parseConstructorArguments({","\t    'argv': args,","\t    'strict': true","\t});","","\toptions = parsed.options;","\tVError.call(this, options, '%s', parsed.shortmessage);","","\treturn (this);","}","","/*"," * We don't bother setting SError.prototype.name because once constructed,"," * SErrors are just like VErrors."," */","mod_util.inherits(SError, VError);","","","/*"," * Represents a collection of errors for the purpose of consumers that generally"," * only deal with one error.  Callers can extract the individual errors"," * contained in this object, but may also just treat it as a normal single"," * error, in which case a summary message will be printed."," */","function MultiError(errors)","{","\tmod_assertplus.array(errors, 'list of errors');","\tmod_assertplus.ok(errors.length > 0, 'must be at least one error');","\tthis.ase_errors = errors;","","\tVError.call(this, {","\t    'cause': errors[0]","\t}, 'first of %d error%s', errors.length, errors.length == 1 ? '' : 's');","}","","mod_util.inherits(MultiError, VError);","MultiError.prototype.name = 'MultiError';","","MultiError.prototype.errors = function me_errors()","{","\treturn (this.ase_errors.slice(0));","};","","","/*"," * See README.md for reference details."," */","function WError()","{","\tvar args, obj, parsed, options;","","\targs = Array.prototype.slice.call(arguments, 0);","\tif (!(this instanceof WError)) {","\t\tobj = Object.create(WError.prototype);","\t\tWError.apply(obj, args);","\t\treturn (obj);","\t}","","\tparsed = parseConstructorArguments({","\t    'argv': args,","\t    'strict': false","\t});","","\toptions = parsed.options;","\toptions['skipCauseMessage'] = true;","\tVError.call(this, options, '%s', parsed.shortmessage);","","\treturn (this);","}","","mod_util.inherits(WError, VError);","WError.prototype.name = 'WError';","","WError.prototype.toString = function we_toString()","{","\tvar str = (this.hasOwnProperty('name') && this.name ||","\t\tthis.constructor.name || this.constructor.prototype.name);","\tif (this.message)","\t\tstr += ': ' + this.message;","\tif (this.jse_cause && this.jse_cause.message)","\t\tstr += '; caused by ' + this.jse_cause.toString();","","\treturn (str);","};","","/*"," * For purely historical reasons, WError's cause() function allows you to set"," * the cause."," */","WError.prototype.cause = function we_cause(c)","{","\tif (mod_isError(c))","\t\tthis.jse_cause = c;","","\treturn (this.jse_cause);","};",""],"l":{"5":1,"6":1,"8":1,"9":1,"10":1,"17":1,"19":1,"21":1,"22":1,"23":1,"51":1,"53":0,"55":0,"56":0,"57":0,"58":0,"63":0,"64":0,"65":0,"66":0,"67":0,"68":0,"69":0,"70":0,"71":0,"72":0,"74":0,"76":0,"79":0,"80":0,"109":0,"110":0,"111":0,"112":0,"117":0,"118":0,"120":0,"123":0,"132":1,"134":0,"136":0,"143":0,"144":0,"145":0,"146":0,"153":0,"161":0,"162":0,"164":0,"172":0,"173":0,"179":0,"180":0,"181":0,"182":0,"184":0,"185":0,"195":0,"196":0,"197":0,"198":0,"202":0,"203":0,"205":0,"206":0,"207":0,"210":0,"213":1,"214":1,"216":1,"218":0,"220":0,"221":0,"223":0,"231":1,"233":0,"234":0,"246":1,"248":0,"249":0,"252":1,"254":0,"256":0,"257":0,"258":0,"259":0,"261":0,"264":0,"265":0,"266":0,"270":0,"273":1,"275":0,"277":0,"278":0,"279":0,"281":0,"282":0,"283":0,"284":0,"288":0,"291":1,"293":0,"296":1,"298":0,"300":0,"302":0,"303":0,"306":0,"314":1,"316":0,"318":0,"319":0,"320":0,"321":0,"322":0,"325":0,"330":0,"331":0,"333":0,"340":1,"349":1,"351":0,"352":0,"353":0,"355":0,"360":1,"361":1,"363":1,"365":0,"372":1,"374":0,"376":0,"377":0,"378":0,"379":0,"380":0,"383":0,"388":0,"389":0,"390":0,"392":0,"395":1,"396":1,"398":1,"400":0,"402":0,"403":0,"404":0,"405":0,"407":0,"414":1,"416":0,"417":0,"419":0}}}